0 info it worked if it ends with ok
1 verbose cli [ '/usr/local/bin/node', '/usr/local/bin/npm', 'publish' ]
2 info using npm@2.5.1
3 info using node@v0.12.0
4 verbose publish [ '.' ]
5 silly cache add args [ '.', null ]
6 verbose cache add spec .
7 silly cache add parsed spec { raw: '.',
7 silly cache add   scope: null,
7 silly cache add   name: null,
7 silly cache add   rawSpec: '.',
7 silly cache add   spec: '/Applications/MAMP/htdocs/social-utilities',
7 silly cache add   type: 'directory' }
8 verbose addLocalDirectory /Users/ozy/.npm/social-utilities/1.0.0/package.tgz not in flight; packing
9 verbose tar pack [ '/Users/ozy/.npm/social-utilities/1.0.0/package.tgz',
9 verbose tar pack   '/Applications/MAMP/htdocs/social-utilities' ]
10 verbose tarball /Users/ozy/.npm/social-utilities/1.0.0/package.tgz
11 verbose folder /Applications/MAMP/htdocs/social-utilities
12 info prepublish social-utilities@1.0.0
13 verbose addLocalTarball adding from inside cache /Users/ozy/.npm/social-utilities/1.0.0/package.tgz
14 silly cache afterAdd social-utilities@1.0.0
15 verbose afterAdd /Users/ozy/.npm/social-utilities/1.0.0/package/package.json not in flight; writing
16 verbose afterAdd /Users/ozy/.npm/social-utilities/1.0.0/package/package.json written
17 silly publish { name: 'social-utilities',
17 silly publish   version: '1.0.0',
17 silly publish   description: '',
17 silly publish   main: 'functions.js',
17 silly publish   scripts: { test: 'echo "Error: no test specified" && exit 1' },
17 silly publish   repository:
17 silly publish    { type: 'git',
17 silly publish      url: 'https://github.com/PXLbros/social-utilities.git' },
17 silly publish   author: { name: 'ozywuli', url: 'ousikaa' },
17 silly publish   license: 'ISC',
17 silly publish   bugs: { url: 'https://github.com/PXLbros/social-utilities/issues' },
17 silly publish   homepage: 'https://github.com/PXLbros/social-utilities',
17 silly publish   readme: '# social-utilities\n',
17 silly publish   readmeFilename: 'README.md',
17 silly publish   gitHead: 'd8d84fab17934a31eeea015f1fba45a13a93ce40',
17 silly publish   _id: 'social-utilities@1.0.0',
17 silly publish   _shasum: 'd0e90018328c750eee3a2d30618c84329c3ee362',
17 silly publish   _from: '.' }
18 silly mapToRegistry name social-utilities
19 silly mapToRegistry using default registry
20 silly mapToRegistry registry https://registry.npmjs.org/
21 silly mapToRegistry uri https://registry.npmjs.org/social-utilities
22 verbose publish registryBase https://registry.npmjs.org/
23 silly publish uploading /Users/ozy/.npm/social-utilities/1.0.0/package.tgz
24 verbose request uri https://registry.npmjs.org/social-utilities
25 verbose request sending authorization for write operation
26 info attempt registry request try #1 at 3:43:15 PM
27 verbose request using bearer token for auth
28 verbose request id 8b2bd908b7785abf
29 http request PUT https://registry.npmjs.org/social-utilities
30 http 403 https://registry.npmjs.org/social-utilities
31 verbose headers { 'content-type': 'application/json',
31 verbose headers   'cache-control': 'max-age=300',
31 verbose headers   'content-length': '95',
31 verbose headers   'accept-ranges': 'bytes',
31 verbose headers   date: 'Mon, 08 Aug 2016 22:43:16 GMT',
31 verbose headers   via: '1.1 varnish',
31 verbose headers   connection: 'keep-alive',
31 verbose headers   'x-served-by': 'cache-lax1422-LAX',
31 verbose headers   'x-cache': 'MISS',
31 verbose headers   'x-cache-hits': '0',
31 verbose headers   'x-timer': 'S1470696195.949083,VS0,VE215',
31 verbose headers   vary: 'Accept-Encoding' }
32 verbose request invalidating /Users/ozy/.npm/registry.npmjs.org/social-utilities on PUT
33 error publish Failed PUT 403
34 verbose stack Error: "You cannot publish over the previously published version 1.0.0." : social-utilities
34 verbose stack     at CachingRegistryClient.<anonymous> (/usr/local/lib/node_modules/npm/node_modules/npm-registry-client/lib/request.js:254:14)
34 verbose stack     at Request._callback (/usr/local/lib/node_modules/npm/node_modules/npm-registry-client/lib/request.js:178:14)
34 verbose stack     at Request.self.callback (/usr/local/lib/node_modules/npm/node_modules/request/request.js:344:22)
34 verbose stack     at Request.emit (events.js:110:17)
34 verbose stack     at Request.<anonymous> (/usr/local/lib/node_modules/npm/node_modules/request/request.js:1239:14)
34 verbose stack     at Request.emit (events.js:129:20)
34 verbose stack     at IncomingMessage.<anonymous> (/usr/local/lib/node_modules/npm/node_modules/request/request.js:1187:12)
34 verbose stack     at IncomingMessage.emit (events.js:129:20)
34 verbose stack     at _stream_readable.js:908:16
34 verbose stack     at process._tickCallback (node.js:355:11)
35 verbose statusCode 403
36 verbose pkgid social-utilities
37 verbose cwd /Applications/MAMP/htdocs/social-utilities
38 error Darwin 15.4.0
39 error argv "/usr/local/bin/node" "/usr/local/bin/npm" "publish"
40 error node v0.12.0
41 error npm  v2.5.1
42 error code E403
43 error "You cannot publish over the previously published version 1.0.0." : social-utilities
44 error If you need help, you may report this error at:
44 error     <http://github.com/npm/npm/issues>
45 verbose exit [ 1, true ]
